<?xml version="1.0" encoding="UTF-8"?>
<testng-results ignored="0" total="2" passed="2" failed="0" skipped="0">
  <reporter-output>
  </reporter-output>
  <suite started-at="2024-07-31T09:14:25 IST" name="Default suite" finished-at="2024-07-31T09:14:41 IST" duration-ms="16813">
    <groups>
      <group name="cucumber">
        <method signature="AbstractTestNGCucumberTests.runScenario(io.cucumber.testng.PickleWrapper,io.cucumber.testng.FeatureWrapper)[pri:0, instance:com.amazon.runners.ProTestNGRunner@1e66f1f5]" name="runScenario" class="io.cucumber.testng.AbstractTestNGCucumberTests"/>
      </group> <!-- cucumber -->
    </groups>
    <test started-at="2024-07-31T09:14:25 IST" name="Default test" finished-at="2024-07-31T09:14:41 IST" duration-ms="16813">
      <class name="com.amazon.runners.ProTestNGRunner">
        <test-method is-config="true" signature="setUpClass(org.testng.ITestContext)[pri:0, instance:com.amazon.runners.ProTestNGRunner@1e66f1f5]" started-at="2024-07-31T09:14:25 IST" name="setUpClass" finished-at="2024-07-31T09:14:25 IST" duration-ms="676" status="PASS">
          <params>
            <param index="0">
              <value>
                <![CDATA[org.testng.TestRunner@5a622fe8]]>
              </value>
            </param>
          </params>
          <reporter-output>
          </reporter-output>
        </test-method> <!-- setUpClass -->
        <test-method signature="runScenario(io.cucumber.testng.PickleWrapper,io.cucumber.testng.FeatureWrapper)[pri:0, instance:com.amazon.runners.ProTestNGRunner@1e66f1f5]" started-at="2024-07-31T09:14:25 IST" name="runScenario" description="Runs Cucumber Scenarios" data-provider="scenarios" finished-at="2024-07-31T09:14:34 IST" duration-ms="8700" status="PASS">
          <params>
            <param index="0">
              <value>
                <![CDATA["Product search on Amazon home page"]]>
              </value>
            </param>
            <param index="1">
              <value>
                <![CDATA["Amazon Product Search with different options"]]>
              </value>
            </param>
          </params>
          <reporter-output>
          </reporter-output>
        </test-method> <!-- runScenario -->
        <test-method signature="runScenario(io.cucumber.testng.PickleWrapper,io.cucumber.testng.FeatureWrapper)[pri:0, instance:com.amazon.runners.ProTestNGRunner@1e66f1f5]" started-at="2024-07-31T09:14:25 IST" name="runScenario" description="Runs Cucumber Scenarios" data-provider="scenarios" finished-at="2024-07-31T09:14:38 IST" duration-ms="13046" status="PASS">
          <params>
            <param index="0">
              <value>
                <![CDATA["Product search on Amazon home page"]]>
              </value>
            </param>
            <param index="1">
              <value>
                <![CDATA["Amazon Product Search with different options"]]>
              </value>
            </param>
          </params>
          <reporter-output>
          </reporter-output>
        </test-method> <!-- runScenario -->
        <test-method is-config="true" signature="tearDownClass()[pri:0, instance:com.amazon.runners.ProTestNGRunner@1e66f1f5]" started-at="2024-07-31T09:14:38 IST" name="tearDownClass" finished-at="2024-07-31T09:14:41 IST" duration-ms="3049" status="PASS">
          <reporter-output>
          </reporter-output>
        </test-method> <!-- tearDownClass -->
      </class> <!-- com.amazon.runners.ProTestNGRunner -->
    </test> <!-- Default test -->
  </suite> <!-- Default suite -->
</testng-results>
